<?xml version="1.0" encoding="UTF-8"?>
<!-- Generated by org.testng.reporters.JUnitReportReporter -->
<testsuite hostname="SUDHANSHU-RTRBRAT4" failures="0" tests="1" name="testcases.Gradestar_basic" time="8.202" errors="0" timestamp="2023-07-18T16:39:08 IST" skipped="0">
  <testcase classname="testcases.Gradestar_basic" name="testAdditionOperation" time="8.202"/>
</testsuite> <!-- testcases.Gradestar_basic -->
