<?xml version="1.0" encoding="UTF-8"?>
<!-- Generated by org.testng.reporters.JUnitReportReporter -->
<testsuite hostname="SUDHANSHU-RTRBRAT4" failures="0" tests="1" name="testcases.SauceDemoTest" time="1.589" errors="0" timestamp="2023-06-16T15:12:56 IST" skipped="0">
  <testcase classname="testcases.SauceDemoTest" name="buyProductTest" time="1.589"/>
</testsuite> <!-- testcases.SauceDemoTest -->
