<?xml version="1.0" encoding="UTF-8"?>
<!-- Generated by org.testng.reporters.JUnitReportReporter -->
<testsuite hostname="SUDHANSHU-RTRBRAT4" failures="0" tests="1" name="testcases.Gradestar_POC" time="7.178" errors="0" timestamp="2023-08-02T17:42:11 IST" skipped="0">
  <testcase classname="testcases.Gradestar_POC" name="testAdditionOperation" time="7.178"/>
</testsuite> <!-- testcases.Gradestar_POC -->
