<?xml version="1.0" encoding="UTF-8"?>
<!-- Generated by org.testng.reporters.JUnitReportReporter -->
<testsuite hostname="SUDHANSHU-RTRBRAT4" failures="0" tests="1" name="testcases.DBD_5218" time="64.877" errors="0" timestamp="2023-07-05T13:43:35 IST" skipped="0">
  <testcase classname="testcases.DBD_5218" name="navigateToOACDashBoardTest" time="64.877"/>
</testsuite> <!-- testcases.DBD_5218 -->
