<?xml version="1.0" encoding="UTF-8"?>
<!-- Generated by org.testng.reporters.JUnitReportReporter -->
<testsuite hostname="SUDHANSHU-RTRBRAT4" failures="0" tests="1" name="testcases.tbTest" time="56.312" errors="0" timestamp="2023-07-03T14:22:42 IST" skipped="0">
  <testcase classname="testcases.tbTest" name="navigateToOACDashBoardTest" time="56.312"/>
</testsuite> <!-- testcases.tbTest -->
